<?xml version="1.0" encoding="UTF-8"?>
<testng-results ignored="0" total="1" passed="1" failed="0" skipped="0">
  <reporter-output>
  </reporter-output>
  <suite started-at="2023-10-14T11:09:02 EDT" name="Default suite" finished-at="2023-10-14T11:09:15 EDT" duration-ms="12234">
    <groups>
    </groups>
    <test started-at="2023-10-14T11:09:02 EDT" name="Default test" finished-at="2023-10-14T11:09:15 EDT" duration-ms="12234">
      <class name="com.facebook.registrationTests.RegistrationTest">
        <test-method is-config="true" signature="openFacebook()[pri:0, instance:com.facebook.registrationTests.RegistrationTest@6b2ea799]" started-at="2023-10-14T11:09:02 EDT" name="openFacebook" finished-at="2023-10-14T11:09:10 EDT" duration-ms="7744" status="PASS">
          <reporter-output>
          </reporter-output>
        </test-method> <!-- openFacebook -->
        <test-method signature="createRegistrationTest()[pri:0, instance:com.facebook.registrationTests.RegistrationTest@6b2ea799]" started-at="2023-10-14T11:09:10 EDT" name="createRegistrationTest" finished-at="2023-10-14T11:09:15 EDT" duration-ms="4405" status="PASS">
          <reporter-output>
          </reporter-output>
        </test-method> <!-- createRegistrationTest -->
      </class> <!-- com.facebook.registrationTests.RegistrationTest -->
    </test> <!-- Default test -->
  </suite> <!-- Default suite -->
</testng-results>
